14:37:58.496 [INFO] Watching directory: /Users/jshi/code/vmallDemo/JavaGaugeDemo/specs
14:37:58.498 [INFO] Watching directory: /Users/jshi/code/vmallDemo/JavaGaugeDemo/specs/concepts
14:38:10.397 [INFO] Watching directory: /Users/jshi/code/vmallDemo/JavaGaugeDemo/specs
14:38:10.397 [INFO] Watching directory: /Users/jshi/code/vmallDemo/JavaGaugeDemo/specs/concepts
15:02:48.753 [ERRO] Runner connection failed: Runner exited with error: exit status 1
15:02:48.757 [INFO] Watching directory: /Users/jshi/code/vmallDemo/JavaGaugeDemo/specs
15:02:48.758 [INFO] Watching directory: /Users/jshi/code/vmallDemo/JavaGaugeDemo/specs/concepts
15:14:24.576 [INFO] Spec added/modified: /Users/jshi/code/vmallDemo/JavaGaugeDemo/specs/addPowerBank.spec
15:14:24.578 [INFO] Spec removed: /Users/jshi/code/vmallDemo/JavaGaugeDemo/specs/customer.spec
15:14:32.312 [INFO] Spec removed: /Users/jshi/code/vmallDemo/JavaGaugeDemo/specs/addPowerBank.spec
15:14:32.313 [INFO] Spec added/modified: /Users/jshi/code/vmallDemo/JavaGaugeDemo/specs/addPowerBank.spec
15:14:47.182 [INFO] Spec removed: /Users/jshi/code/vmallDemo/JavaGaugeDemo/specs/addPowerBank.spec
15:14:47.182 [INFO] Spec added/modified: /Users/jshi/code/vmallDemo/JavaGaugeDemo/specs/addPowerBank.spec
15:14:47.183 [ERRO] Removing watcher on : /Users/jshi/code/vmallDemo/JavaGaugeDemo/specs/addPowerBank.spec___jb_old___
15:14:52.252 [INFO] Spec removed: /Users/jshi/code/vmallDemo/JavaGaugeDemo/specs/addPowerBank.spec
15:14:52.253 [INFO] Spec added/modified: /Users/jshi/code/vmallDemo/JavaGaugeDemo/specs/addPowerBank.spec
15:14:52.253 [ERRO] Removing watcher on : /Users/jshi/code/vmallDemo/JavaGaugeDemo/specs/addPowerBank.spec___jb_old___
15:15:26.786 [INFO] Spec removed: /Users/jshi/code/vmallDemo/JavaGaugeDemo/specs/addPowerBank.spec
15:15:26.786 [INFO] Spec added/modified: /Users/jshi/code/vmallDemo/JavaGaugeDemo/specs/addPowerBank.spec
15:15:26.787 [ERRO] Removing watcher on : /Users/jshi/code/vmallDemo/JavaGaugeDemo/specs/addPowerBank.spec___jb_old___
15:15:42.116 [INFO] Spec removed: /Users/jshi/code/vmallDemo/JavaGaugeDemo/specs/addPowerBank.spec
15:15:42.116 [INFO] Spec added/modified: /Users/jshi/code/vmallDemo/JavaGaugeDemo/specs/addPowerBank.spec
15:15:42.117 [ERRO] Removing watcher on : /Users/jshi/code/vmallDemo/JavaGaugeDemo/specs/addPowerBank.spec___jb_old___
15:15:57.519 [INFO] Spec removed: /Users/jshi/code/vmallDemo/JavaGaugeDemo/specs/addPowerBank.spec
15:15:57.519 [INFO] Spec added/modified: /Users/jshi/code/vmallDemo/JavaGaugeDemo/specs/addPowerBank.spec
15:15:57.520 [ERRO] Removing watcher on : /Users/jshi/code/vmallDemo/JavaGaugeDemo/specs/addPowerBank.spec___jb_old___
15:16:30.697 [INFO] Spec added/modified: /Users/jshi/code/vmallDemo/JavaGaugeDemo/specs/addPowerBank.spec
15:16:30.698 [INFO] Spec removed: /Users/jshi/code/vmallDemo/JavaGaugeDemo/specs/addPowerBank.spec
15:16:30.698 [INFO] Spec added/modified: /Users/jshi/code/vmallDemo/JavaGaugeDemo/specs/addPowerBank.spec
15:16:52.840 [INFO] Spec removed: /Users/jshi/code/vmallDemo/JavaGaugeDemo/specs/addPowerBank.spec
15:16:52.841 [INFO] Spec added/modified: /Users/jshi/code/vmallDemo/JavaGaugeDemo/specs/addPowerBank.spec
15:16:52.842 [ERRO] Removing watcher on : /Users/jshi/code/vmallDemo/JavaGaugeDemo/specs/addPowerBank.spec___jb_old___
15:17:04.785 [INFO] Spec removed: /Users/jshi/code/vmallDemo/JavaGaugeDemo/specs/addPowerBank.spec
15:17:04.785 [INFO] Spec added/modified: /Users/jshi/code/vmallDemo/JavaGaugeDemo/specs/addPowerBank.spec
15:17:04.786 [ERRO] Removing watcher on : /Users/jshi/code/vmallDemo/JavaGaugeDemo/specs/addPowerBank.spec___jb_old___
15:17:53.088 [INFO] Spec added/modified: /Users/jshi/code/vmallDemo/JavaGaugeDemo/specs/addPowerBank.spec
15:17:53.089 [INFO] Spec removed: /Users/jshi/code/vmallDemo/JavaGaugeDemo/specs/addPowerBank.spec
15:17:53.089 [INFO] Spec added/modified: /Users/jshi/code/vmallDemo/JavaGaugeDemo/specs/addPowerBank.spec
15:18:02.245 [INFO] Spec removed: /Users/jshi/code/vmallDemo/JavaGaugeDemo/specs/addPowerBank.spec
15:18:02.245 [INFO] Spec added/modified: /Users/jshi/code/vmallDemo/JavaGaugeDemo/specs/addPowerBank.spec
15:18:23.610 [INFO] Spec removed: /Users/jshi/code/vmallDemo/JavaGaugeDemo/specs/addPowerBank.spec
15:18:23.610 [INFO] Spec added/modified: /Users/jshi/code/vmallDemo/JavaGaugeDemo/specs/addPowerBank.spec
15:18:23.612 [ERRO] Removing watcher on : /Users/jshi/code/vmallDemo/JavaGaugeDemo/specs/addPowerBank.spec___jb_old___
15:20:46.885 [INFO] Spec removed: /Users/jshi/code/vmallDemo/JavaGaugeDemo/specs/addPowerBank.spec
15:20:46.885 [INFO] Spec added/modified: /Users/jshi/code/vmallDemo/JavaGaugeDemo/specs/addPowerBank.spec
15:20:46.886 [ERRO] Removing watcher on : /Users/jshi/code/vmallDemo/JavaGaugeDemo/specs/addPowerBank.spec___jb_old___
15:24:02.682 [INFO] Spec removed: /Users/jshi/code/vmallDemo/JavaGaugeDemo/specs/addPowerBank.spec
15:24:02.682 [INFO] Spec added/modified: /Users/jshi/code/vmallDemo/JavaGaugeDemo/specs/addPowerBank.spec
15:24:02.683 [ERRO] Removing watcher on : /Users/jshi/code/vmallDemo/JavaGaugeDemo/specs/addPowerBank.spec___jb_old___
15:32:49.222 [INFO] Watching directory: /Users/jshi/code/vmallDemo/JavaGaugeDemo/specs
15:32:49.222 [INFO] Watching directory: /Users/jshi/code/vmallDemo/JavaGaugeDemo/specs/concepts
15:39:32.541 [ERRO] Runner connection failed: Runner exited with error: exit status 1
15:39:32.544 [INFO] Watching directory: /Users/jshi/code/vmallDemo/JavaGaugeDemo/specs
15:39:32.544 [INFO] Watching directory: /Users/jshi/code/vmallDemo/JavaGaugeDemo/specs/concepts
15:41:51.751 [INFO] Spec removed: /Users/jshi/code/vmallDemo/JavaGaugeDemo/specs/addPowerBank.spec
15:41:51.751 [INFO] Spec removed: /Users/jshi/code/vmallDemo/JavaGaugeDemo/specs/addPowerBank.spec
15:41:51.751 [INFO] Spec added/modified: /Users/jshi/code/vmallDemo/JavaGaugeDemo/specs/addPowerBank.spec
15:41:51.751 [ERRO] Removing watcher on : /Users/jshi/code/vmallDemo/JavaGaugeDemo/specs/addPowerBank.spec___jb_old___
15:41:51.751 [INFO] Spec added/modified: /Users/jshi/code/vmallDemo/JavaGaugeDemo/specs/addPowerBank.spec
15:41:51.752 [ERRO] Removing watcher on : /Users/jshi/code/vmallDemo/JavaGaugeDemo/specs/addPowerBank.spec___jb_old___
15:42:00.998 [ERRO] Runner connection failed: Runner exited with error: exit status 1
15:42:22.289 [INFO] Watching directory: /Users/jshi/code/vmallDemo/JavaGaugeDemo/specs
15:42:22.289 [INFO] Watching directory: /Users/jshi/code/vmallDemo/JavaGaugeDemo/specs/concepts
15:42:47.648 [INFO] Watching directory: /Users/jshi/code/vmallDemo/JavaGaugeDemo/specs
15:42:47.648 [INFO] Watching directory: /Users/jshi/code/vmallDemo/JavaGaugeDemo/specs/concepts
16:59:33.250 [INFO] Watching directory: /Users/jshi/code/vmallDemo/JavaGaugeDemo/specs
16:59:33.251 [INFO] Watching directory: /Users/jshi/code/vmallDemo/JavaGaugeDemo/specs/concepts
17:12:38.727 [INFO] Watching directory: /Users/jshi/code/vmallDemo/JavaGaugeDemo/specs
17:12:38.727 [INFO] Watching directory: /Users/jshi/code/vmallDemo/JavaGaugeDemo/specs/concepts
17:13:04.728 [INFO] Watching directory: /Users/jshi/code/vmallDemo/JavaGaugeDemo/specs
17:13:04.728 [INFO] Watching directory: /Users/jshi/code/vmallDemo/JavaGaugeDemo/specs/concepts
19:50:38.136 [INFO] Watching directory: /Users/jshi/code/vmallDemo/JavaGaugeDemo/specs
19:50:38.136 [INFO] Watching directory: /Users/jshi/code/vmallDemo/JavaGaugeDemo/specs/concepts
19:51:42.961 [INFO] Watching directory: /Users/jshi/code/vmallDemo/JavaGaugeDemo/specs
19:51:42.961 [INFO] Watching directory: /Users/jshi/code/vmallDemo/JavaGaugeDemo/specs/concepts
19:52:24.390 [INFO] Watching directory: /Users/jshi/code/vmallDemo/JavaGaugeDemo/specs
19:52:24.390 [INFO] Watching directory: /Users/jshi/code/vmallDemo/JavaGaugeDemo/specs/concepts
19:53:28.659 [INFO] Watching directory: /Users/jshi/code/vmallDemo/JavaGaugeDemo/specs
19:53:28.659 [INFO] Watching directory: /Users/jshi/code/vmallDemo/JavaGaugeDemo/specs/concepts
20:03:17.005 [INFO] Watching directory: /Users/jshi/code/vmallDemo/JavaGaugeDemo/specs
20:03:17.005 [INFO] Watching directory: /Users/jshi/code/vmallDemo/JavaGaugeDemo/specs/concepts
20:04:52.411 [INFO] Watching directory: /Users/jshi/code/vmallDemo/JavaGaugeDemo/specs
20:04:52.411 [INFO] Watching directory: /Users/jshi/code/vmallDemo/JavaGaugeDemo/specs/concepts
20:05:58.320 [INFO] Watching directory: /Users/jshi/code/vmallDemo/JavaGaugeDemo/specs
20:05:58.320 [INFO] Watching directory: /Users/jshi/code/vmallDemo/JavaGaugeDemo/specs/concepts
20:07:10.794 [INFO] Watching directory: /Users/jshi/code/vmallDemo/JavaGaugeDemo/specs
20:07:10.794 [INFO] Watching directory: /Users/jshi/code/vmallDemo/JavaGaugeDemo/specs/concepts
20:08:19.651 [INFO] Watching directory: /Users/jshi/code/vmallDemo/JavaGaugeDemo/specs
20:08:19.651 [INFO] Watching directory: /Users/jshi/code/vmallDemo/JavaGaugeDemo/specs/concepts
20:11:46.860 [INFO] Watching directory: /Users/jshi/code/vmallDemo/JavaGaugeDemo/specs
20:11:46.860 [INFO] Watching directory: /Users/jshi/code/vmallDemo/JavaGaugeDemo/specs/concepts
20:12:15.839 [INFO] Watching directory: /Users/jshi/code/vmallDemo/JavaGaugeDemo/specs
20:12:15.839 [INFO] Watching directory: /Users/jshi/code/vmallDemo/JavaGaugeDemo/specs/concepts
20:13:11.973 [INFO] Watching directory: /Users/jshi/code/vmallDemo/JavaGaugeDemo/specs
20:13:11.973 [INFO] Watching directory: /Users/jshi/code/vmallDemo/JavaGaugeDemo/specs/concepts
20:17:34.817 [INFO] Watching directory: /Users/jshi/code/vmallDemo/JavaGaugeDemo/specs
20:17:34.817 [INFO] Watching directory: /Users/jshi/code/vmallDemo/JavaGaugeDemo/specs/concepts
20:21:51.307 [INFO] Watching directory: /Users/jshi/code/vmallDemo/JavaGaugeDemo/specs
20:21:51.308 [INFO] Watching directory: /Users/jshi/code/vmallDemo/JavaGaugeDemo/specs/concepts
20:22:28.267 [INFO] Watching directory: /Users/jshi/code/vmallDemo/JavaGaugeDemo/specs
20:22:28.267 [INFO] Watching directory: /Users/jshi/code/vmallDemo/JavaGaugeDemo/specs/concepts
20:22:49.865 [INFO] Watching directory: /Users/jshi/code/vmallDemo/JavaGaugeDemo/specs
20:22:49.865 [INFO] Watching directory: /Users/jshi/code/vmallDemo/JavaGaugeDemo/specs/concepts
20:23:20.717 [INFO] Watching directory: /Users/jshi/code/vmallDemo/JavaGaugeDemo/specs
20:23:20.717 [INFO] Watching directory: /Users/jshi/code/vmallDemo/JavaGaugeDemo/specs/concepts
20:23:52.611 [INFO] Watching directory: /Users/jshi/code/vmallDemo/JavaGaugeDemo/specs
20:23:52.611 [INFO] Watching directory: /Users/jshi/code/vmallDemo/JavaGaugeDemo/specs/concepts
20:26:45.385 [INFO] Watching directory: /Users/jshi/code/vmallDemo/JavaGaugeDemo/specs
20:26:45.385 [INFO] Watching directory: /Users/jshi/code/vmallDemo/JavaGaugeDemo/specs/concepts
20:27:43.827 [INFO] Watching directory: /Users/jshi/code/vmallDemo/JavaGaugeDemo/specs
20:27:43.827 [INFO] Watching directory: /Users/jshi/code/vmallDemo/JavaGaugeDemo/specs/concepts
20:28:28.779 [INFO] Watching directory: /Users/jshi/code/vmallDemo/JavaGaugeDemo/specs
20:28:28.779 [INFO] Watching directory: /Users/jshi/code/vmallDemo/JavaGaugeDemo/specs/concepts
20:28:55.958 [INFO] Watching directory: /Users/jshi/code/vmallDemo/JavaGaugeDemo/specs
20:28:55.958 [INFO] Watching directory: /Users/jshi/code/vmallDemo/JavaGaugeDemo/specs/concepts
20:30:55.792 [INFO] Watching directory: /Users/jshi/code/vmallDemo/JavaGaugeDemo/specs
20:30:55.792 [INFO] Watching directory: /Users/jshi/code/vmallDemo/JavaGaugeDemo/specs/concepts
20:31:22.772 [INFO] Watching directory: /Users/jshi/code/vmallDemo/JavaGaugeDemo/specs
20:31:22.773 [INFO] Watching directory: /Users/jshi/code/vmallDemo/JavaGaugeDemo/specs/concepts
20:32:04.828 [INFO] Watching directory: /Users/jshi/code/vmallDemo/JavaGaugeDemo/specs
20:32:04.828 [INFO] Watching directory: /Users/jshi/code/vmallDemo/JavaGaugeDemo/specs/concepts
20:34:20.005 [INFO] Watching directory: /Users/jshi/code/vmallDemo/JavaGaugeDemo/specs
20:34:20.005 [INFO] Watching directory: /Users/jshi/code/vmallDemo/JavaGaugeDemo/specs/concepts
20:39:46.305 [INFO] Watching directory: /Users/jshi/code/vmallDemo/JavaGaugeDemo/specs
20:39:46.306 [INFO] Watching directory: /Users/jshi/code/vmallDemo/JavaGaugeDemo/specs/concepts
21:07:50.027 [INFO] Watching directory: /Users/jshi/code/vmallDemo/JavaGaugeDemo/specs
21:07:50.029 [INFO] Watching directory: /Users/jshi/code/vmallDemo/JavaGaugeDemo/specs/concepts
21:08:44.812 [INFO] Watching directory: /Users/jshi/code/vmallDemo/JavaGaugeDemo/specs
21:08:44.813 [INFO] Watching directory: /Users/jshi/code/vmallDemo/JavaGaugeDemo/specs/concepts
21:09:19.181 [INFO] Watching directory: /Users/jshi/code/vmallDemo/JavaGaugeDemo/specs
21:09:19.182 [INFO] Watching directory: /Users/jshi/code/vmallDemo/JavaGaugeDemo/specs/concepts
21:10:09.298 [INFO] Watching directory: /Users/jshi/code/vmallDemo/JavaGaugeDemo/specs
21:10:09.300 [INFO] Watching directory: /Users/jshi/code/vmallDemo/JavaGaugeDemo/specs/concepts
21:17:09.557 [INFO] Watching directory: /Users/jshi/code/vmallDemo/JavaGaugeDemo/specs
21:17:09.557 [INFO] Watching directory: /Users/jshi/code/vmallDemo/JavaGaugeDemo/specs/concepts
23:00:13.670 [INFO] Watching directory: /Users/jshi/code/vmallDemo/JavaGaugeDemo/specs
23:00:13.673 [INFO] Watching directory: /Users/jshi/code/vmallDemo/JavaGaugeDemo/specs/concepts
15:39:38.639 [ERRO] Error response from runner on getStepNamesRequest: Request Timeout
15:39:38.682 [INFO] Watching directory: /Users/jshi/code/vmallDemo/JavaGaugeDemo/specs
15:39:38.685 [INFO] Watching directory: /Users/jshi/code/vmallDemo/JavaGaugeDemo/specs/concepts
