14:37:58.502 [WARN] Validation failed. The following steps have errors
14:38:16.540 [DEBU] Plugin [Html Report] with pid [6179] has exited
14:38:20.543 [WARN] Killing runner with PID:6176 forcefully
14:38:20.543 [INFO] 
The following failures occured:
14:38:20.545 [INFO] 2 scenarios executed, 1 failed
14:38:20.545 [INFO] 1 specifications executed, 1 failed
14:38:20.545 [INFO] 0 specifications skipped
14:38:20.545 [INFO] 5.996s
15:02:48.751 [DEBU] Runner exited with error: exit status 1
15:02:48.752 [DEBU] Runner connection error: Runner exited with error: exit status 1
15:02:48.753 [DEBU] Error while killing runner: os: process already finished
15:39:32.540 [DEBU] Runner exited with error: exit status 1
15:39:32.541 [DEBU] Runner connection error: Runner exited with error: exit status 1
15:39:32.541 [DEBU] Error while killing runner: os: process already finished
15:41:55.420 [INFO] No specifications found.
15:42:00.998 [DEBU] Runner exited with error: exit status 1
15:42:00.998 [DEBU] Runner connection error: Runner exited with error: exit status 1
15:42:00.998 [DEBU] Error while killing runner: os: process already finished
15:42:01.000 [CRIT] Failed to start a runner
15:42:34.220 [DEBU] Plugin [Html Report] with pid [6541] has exited
15:42:38.223 [WARN] Killing runner with PID:6538 forcefully
15:42:38.223 [INFO] 
The following failures occured:
15:42:38.225 [INFO] 2 scenarios executed, 1 failed
15:42:38.225 [INFO] 1 specifications executed, 1 failed
15:42:38.225 [INFO] 0 specifications skipped
15:42:38.225 [INFO] 11.791s
15:42:53.289 [DEBU] Plugin [Html Report] with pid [6563] has exited
15:42:57.293 [WARN] Killing runner with PID:6560 forcefully
15:42:57.293 [INFO] 
The following failures occured:
15:42:57.294 [INFO] 2 scenarios executed, 1 failed
15:42:57.294 [INFO] 1 specifications executed, 1 failed
15:42:57.294 [INFO] 0 specifications skipped
15:42:57.294 [INFO] 5.525s
16:59:39.074 [DEBU] Plugin [Html Report] with pid [6737] has exited
16:59:43.081 [WARN] Killing runner with PID:6734 forcefully
16:59:43.082 [INFO] 
The following failures occured:
16:59:43.083 [INFO] 2 scenarios executed, 1 failed
16:59:43.083 [INFO] 1 specifications executed, 1 failed
16:59:43.083 [INFO] 0 specifications skipped
16:59:43.083 [INFO] 5.679s
17:12:44.635 [DEBU] Plugin [Html Report] with pid [6778] has exited
17:12:48.640 [WARN] Killing runner with PID:6775 forcefully
17:12:48.640 [INFO] 
The following failures occured:
17:12:48.645 [INFO] 2 scenarios executed, 1 failed
17:12:48.645 [INFO] 1 specifications executed, 1 failed
17:12:48.645 [INFO] 0 specifications skipped
17:12:48.645 [INFO] 5.793s
17:13:09.852 [DEBU] Plugin [Html Report] with pid [6800] has exited
17:13:13.858 [WARN] Killing runner with PID:6797 forcefully
17:13:13.858 [INFO] 
The following failures occured:
17:13:13.859 [INFO] 2 scenarios executed, 1 failed
17:13:13.859 [INFO] 1 specifications executed, 1 failed
17:13:13.859 [INFO] 0 specifications skipped
17:13:13.859 [INFO] 5.006s
19:50:52.303 [DEBU] Plugin [Html Report] with pid [7130] has exited
19:50:56.311 [WARN] Killing runner with PID:7127 forcefully
19:50:56.312 [INFO] 
The following failures occured:
19:50:56.314 [INFO] 2 scenarios executed, 1 failed
19:50:56.314 [INFO] 1 specifications executed, 1 failed
19:50:56.314 [INFO] 0 specifications skipped
19:50:56.314 [INFO] 14.022s
19:51:47.779 [DEBU] Plugin [Html Report] with pid [7151] has exited
19:51:51.784 [WARN] Killing runner with PID:7147 forcefully
19:51:51.784 [INFO] 
The following failures occured:
19:51:51.785 [INFO] 2 scenarios executed, 1 failed
19:51:51.785 [INFO] 1 specifications executed, 1 failed
19:51:51.785 [INFO] 0 specifications skipped
19:51:51.785 [INFO] 4.7s
19:52:29.538 [DEBU] Plugin [Html Report] with pid [7171] has exited
19:52:33.544 [WARN] Killing runner with PID:7168 forcefully
19:52:33.544 [INFO] 
The following failures occured:
19:52:33.545 [INFO] 2 scenarios executed, 1 failed
19:52:33.545 [INFO] 1 specifications executed, 1 failed
19:52:33.545 [INFO] 0 specifications skipped
19:52:33.545 [INFO] 5.03s
19:53:34.017 [DEBU] Plugin [Html Report] with pid [7192] has exited
19:53:38.020 [WARN] Killing runner with PID:7188 forcefully
19:53:38.020 [INFO] 
The following failures occured:
19:53:38.021 [INFO] 2 scenarios executed, 1 failed
19:53:38.021 [INFO] 1 specifications executed, 1 failed
19:53:38.021 [INFO] 0 specifications skipped
19:53:38.021 [INFO] 5.241s
20:03:22.520 [DEBU] Plugin [Html Report] with pid [7288] has exited
20:03:26.522 [WARN] Killing runner with PID:7285 forcefully
20:03:26.523 [INFO] 
The following failures occured:
20:03:26.524 [INFO] 2 scenarios executed, 1 failed
20:03:26.524 [INFO] 1 specifications executed, 1 failed
20:03:26.524 [INFO] 0 specifications skipped
20:03:26.524 [INFO] 5.373s
20:04:45.434 [INFO] No specifications found.
20:04:46.999 [INFO] No specifications found.
20:04:57.434 [DEBU] Plugin [Html Report] with pid [7312] has exited
20:05:01.436 [WARN] Killing runner with PID:7309 forcefully
20:05:01.436 [INFO] 
The following failures occured:
20:05:01.437 [INFO] 2 scenarios executed, 1 failed
20:05:01.437 [INFO] 1 specifications executed, 1 failed
20:05:01.438 [INFO] 0 specifications skipped
20:05:01.438 [INFO] 4.904s
20:06:03.628 [DEBU] Plugin [Html Report] with pid [7334] has exited
20:06:07.631 [WARN] Killing runner with PID:7330 forcefully
20:06:07.631 [INFO] 
The following failures occured:
20:06:07.658 [INFO] 2 scenarios executed, 1 failed
20:06:07.658 [INFO] 1 specifications executed, 1 failed
20:06:07.658 [INFO] 0 specifications skipped
20:06:07.658 [INFO] 5.19s
20:07:16.180 [DEBU] Plugin [Html Report] with pid [7356] has exited
20:07:20.185 [WARN] Killing runner with PID:7353 forcefully
20:07:20.185 [INFO] 
The following failures occured:
20:07:20.186 [INFO] 2 scenarios executed, 1 failed
20:07:20.186 [INFO] 1 specifications executed, 1 failed
20:07:20.186 [INFO] 0 specifications skipped
20:07:20.186 [INFO] 5.269s
20:08:25.497 [DEBU] Plugin [Html Report] with pid [7377] has exited
20:08:29.502 [WARN] Killing runner with PID:7373 forcefully
20:08:29.502 [INFO] 
The following failures occured:
20:08:29.503 [INFO] 2 scenarios executed, 1 failed
20:08:29.503 [INFO] 1 specifications executed, 1 failed
20:08:29.503 [INFO] 0 specifications skipped
20:08:29.503 [INFO] 5.694s
20:12:00.046 [DEBU] Plugin [Html Report] with pid [7403] has exited
20:12:04.046 [WARN] Killing runner with PID:7399 forcefully
20:12:04.047 [INFO] 
The following failures occured:
20:12:04.047 [INFO] 2 scenarios executed, 1 failed
20:12:04.047 [INFO] 1 specifications executed, 1 failed
20:12:04.047 [INFO] 0 specifications skipped
20:12:04.048 [INFO] 13.066s
20:12:20.882 [DEBU] Plugin [Html Report] with pid [7425] has exited
20:12:24.888 [WARN] Killing runner with PID:7422 forcefully
20:12:24.888 [INFO] 
The following failures occured:
20:12:24.889 [INFO] 2 scenarios executed, 1 failed
20:12:24.889 [INFO] 1 specifications executed, 1 failed
20:12:24.889 [INFO] 0 specifications skipped
20:12:24.889 [INFO] 4.927s
20:13:16.704 [DEBU] Plugin [Html Report] with pid [7448] has exited
20:13:20.709 [WARN] Killing runner with PID:7444 forcefully
20:13:20.709 [INFO] 
The following failures occured:
20:13:20.711 [INFO] 2 scenarios executed, 1 failed
20:13:20.711 [INFO] 1 specifications executed, 1 failed
20:13:20.711 [INFO] 0 specifications skipped
20:13:20.711 [INFO] 4.614s
20:17:41.125 [DEBU] Plugin [Html Report] with pid [7479] has exited
20:17:45.127 [WARN] Killing runner with PID:7476 forcefully
20:17:45.127 [INFO] 
The following failures occured:
20:17:45.139 [INFO] 2 scenarios executed, 1 failed
20:17:45.139 [INFO] 1 specifications executed, 1 failed
20:17:45.139 [INFO] 0 specifications skipped
20:17:45.139 [INFO] 6.145s
20:21:56.570 [DEBU] Plugin [Html Report] with pid [7512] has exited
20:22:00.572 [WARN] Killing runner with PID:7508 forcefully
20:22:00.572 [INFO] 
The following failures occured:
20:22:00.573 [INFO] 2 scenarios executed, 1 failed
20:22:00.573 [INFO] 1 specifications executed, 1 failed
20:22:00.573 [INFO] 0 specifications skipped
20:22:00.573 [INFO] 5.059s
20:22:33.310 [DEBU] Plugin [Html Report] with pid [7534] has exited
20:22:37.311 [WARN] Killing runner with PID:7531 forcefully
20:22:37.311 [INFO] 
The following failures occured:
20:22:37.312 [INFO] 2 scenarios executed, 1 failed
20:22:37.312 [INFO] 1 specifications executed, 1 failed
20:22:37.313 [INFO] 0 specifications skipped
20:22:37.313 [INFO] 4.924s
20:22:54.862 [DEBU] Plugin [Html Report] with pid [7552] has exited
20:22:58.863 [WARN] Killing runner with PID:7549 forcefully
20:22:58.864 [INFO] 
The following failures occured:
20:22:58.864 [INFO] 2 scenarios executed, 1 failed
20:22:58.864 [INFO] 1 specifications executed, 1 failed
20:22:58.864 [INFO] 0 specifications skipped
20:22:58.864 [INFO] 4.878s
20:23:25.637 [DEBU] Plugin [Html Report] with pid [7574] has exited
20:23:29.642 [WARN] Killing runner with PID:7571 forcefully
20:23:29.642 [INFO] 
The following failures occured:
20:23:29.643 [INFO] 2 scenarios executed, 1 failed
20:23:29.643 [INFO] 1 specifications executed, 1 failed
20:23:29.643 [INFO] 0 specifications skipped
20:23:29.643 [INFO] 4.801s
20:23:58.034 [DEBU] Plugin [Html Report] with pid [7594] has exited
20:24:02.036 [WARN] Killing runner with PID:7591 forcefully
20:24:02.036 [INFO] 
The following failures occured:
20:24:02.038 [INFO] 2 scenarios executed, 1 failed
20:24:02.038 [INFO] 1 specifications executed, 1 failed
20:24:02.038 [INFO] 0 specifications skipped
20:24:02.038 [INFO] 5.306s
20:26:50.625 [DEBU] Plugin [Html Report] with pid [7627] has exited
20:26:54.628 [WARN] Killing runner with PID:7624 forcefully
20:26:54.628 [INFO] 
The following failures occured:
20:26:54.629 [INFO] 2 scenarios executed, 1 failed
20:26:54.629 [INFO] 1 specifications executed, 1 failed
20:26:54.629 [INFO] 0 specifications skipped
20:26:54.629 [INFO] 5.12s
20:27:49.500 [DEBU] Plugin [Html Report] with pid [7650] has exited
20:27:53.505 [WARN] Killing runner with PID:7646 forcefully
20:27:53.505 [INFO] 
The following failures occured:
20:27:53.567 [INFO] 2 scenarios executed, 1 failed
20:27:53.567 [INFO] 1 specifications executed, 1 failed
20:27:53.567 [INFO] 0 specifications skipped
20:27:53.567 [INFO] 5.557s
20:28:34.674 [DEBU] Plugin [Html Report] with pid [7672] has exited
20:28:38.680 [WARN] Killing runner with PID:7669 forcefully
20:28:38.680 [INFO] 
The following failures occured:
20:28:38.681 [INFO] 2 scenarios executed, 1 failed
20:28:38.681 [INFO] 1 specifications executed, 1 failed
20:28:38.681 [INFO] 0 specifications skipped
20:28:38.681 [INFO] 5.78s
20:29:01.144 [DEBU] Plugin [Html Report] with pid [7692] has exited
20:29:05.150 [WARN] Killing runner with PID:7689 forcefully
20:29:05.150 [INFO] 
The following failures occured:
20:29:05.151 [INFO] 2 scenarios executed, 1 failed
20:29:05.151 [INFO] 1 specifications executed, 1 failed
20:29:05.152 [INFO] 0 specifications skipped
20:29:05.152 [INFO] 5.067s
20:31:01.302 [DEBU] Plugin [Html Report] with pid [7719] has exited
20:31:05.305 [WARN] Killing runner with PID:7716 forcefully
20:31:05.305 [INFO] 
The following failures occured:
20:31:05.306 [INFO] 2 scenarios executed, 1 failed
20:31:05.306 [INFO] 1 specifications executed, 1 failed
20:31:05.306 [INFO] 0 specifications skipped
20:31:05.306 [INFO] 5.365s
20:31:28.289 [DEBU] Plugin [Html Report] with pid [7742] has exited
20:31:32.290 [WARN] Killing runner with PID:7736 forcefully
20:31:32.290 [INFO] 
The following failures occured:
20:31:32.290 [INFO] 2 scenarios executed, 1 failed
20:31:32.290 [INFO] 1 specifications executed, 1 failed
20:31:32.290 [INFO] 0 specifications skipped
20:31:32.290 [INFO] 5.4s
20:32:18.300 [DEBU] Plugin [Html Report] with pid [7762] has exited
20:32:22.306 [WARN] Killing runner with PID:7759 forcefully
20:32:22.306 [INFO] 
The following failures occured:
20:32:22.308 [INFO] 2 scenarios executed, 1 failed
20:32:22.308 [INFO] 1 specifications executed, 1 failed
20:32:22.308 [INFO] 0 specifications skipped
20:32:22.308 [INFO] 13.352s
20:34:26.294 [DEBU] Plugin [Html Report] with pid [7786] has exited
20:34:30.295 [WARN] Killing runner with PID:7783 forcefully
20:34:30.295 [INFO] 
The following failures occured:
20:34:30.296 [INFO] 2 scenarios executed, 1 failed
20:34:30.296 [INFO] 1 specifications executed, 1 failed
20:34:30.296 [INFO] 0 specifications skipped
20:34:30.296 [INFO] 6.141s
20:39:51.903 [DEBU] Plugin [Html Report] with pid [7825] has exited
20:39:55.907 [WARN] Killing runner with PID:7822 forcefully
20:39:55.907 [INFO] 
The following failures occured:
20:39:55.908 [INFO] 2 scenarios executed, 1 failed
20:39:55.908 [INFO] 1 specifications executed, 1 failed
20:39:55.908 [INFO] 0 specifications skipped
20:39:55.908 [INFO] 5.447s
21:07:55.780 [DEBU] Plugin [Html Report] with pid [7907] has exited
21:07:59.787 [WARN] Killing runner with PID:7904 forcefully
21:07:59.787 [INFO] 
The following failures occured:
21:07:59.789 [INFO] 2 scenarios executed, 1 failed
21:07:59.789 [INFO] 1 specifications executed, 1 failed
21:07:59.789 [INFO] 0 specifications skipped
21:07:59.789 [INFO] 5.597s
21:08:51.556 [DEBU] Plugin [Html Report] with pid [7932] has exited
21:08:55.560 [WARN] Killing runner with PID:7929 forcefully
21:08:55.561 [INFO] 
The following failures occured:
21:08:55.561 [INFO] 2 scenarios executed, 1 failed
21:08:55.562 [INFO] 1 specifications executed, 1 failed
21:08:55.562 [INFO] 0 specifications skipped
21:08:55.562 [INFO] 6.604s
21:09:24.482 [DEBU] Plugin [Html Report] with pid [7954] has exited
21:09:28.484 [WARN] Killing runner with PID:7951 forcefully
21:09:28.484 [INFO] 
The following failures occured:
21:09:28.485 [INFO] 2 scenarios executed, 1 failed
21:09:28.485 [INFO] 1 specifications executed, 1 failed
21:09:28.485 [INFO] 0 specifications skipped
21:09:28.485 [INFO] 5.18s
21:10:15.137 [DEBU] Plugin [Html Report] with pid [7977] has exited
21:10:19.141 [WARN] Killing runner with PID:7973 forcefully
21:10:19.141 [INFO] 
The following failures occured:
21:10:19.144 [INFO] 2 scenarios executed, 1 failed
21:10:19.144 [INFO] 1 specifications executed, 1 failed
21:10:19.145 [INFO] 0 specifications skipped
21:10:19.145 [INFO] 5.692s
21:17:14.923 [DEBU] Plugin [Html Report] with pid [8012] has exited
21:17:18.927 [WARN] Killing runner with PID:8008 forcefully
21:17:18.927 [INFO] 
The following failures occured:
21:17:18.928 [INFO] 2 scenarios executed, 1 failed
21:17:18.928 [INFO] 1 specifications executed, 1 failed
21:17:18.928 [INFO] 0 specifications skipped
21:17:18.928 [INFO] 5.211s
15:39:42.685 [WARN] Killing runner with PID:4229 forcefully
15:39:42.797 [DEBU] Runner exited with error: signal: killed
